<?xml version="1.0" encoding="UTF-8"?>
<!-- Generated by org.testng.reporters.JUnitXMLReporter -->
<testsuite ignored="1" hostname="DESKTOP-H3TH3F2" failures="1" tests="2" name="Test" time="15.849" errors="0" timestamp="2024-07-04T10:34:13 IST">
  <testcase classname="com.mystore.testcase.TC_MyAccountPageTestDataDrivenTesting" name="verifyLogin" time="3.403"/>
  <testcase classname="com.mystore.testcase.TC_MyAccountPageTestDataDrivenTesting" name="verifyLogin" time="1.664">
    <failure type="junit.framework.AssertionFailedError">
      <![CDATA[junit.framework.AssertionFailedError
at junit.framework.Assert.fail(Assert.java:47)
at junit.framework.Assert.assertTrue(Assert.java:20)
at junit.framework.Assert.assertTrue(Assert.java:27)
at com.mystore.testcase.TC_MyAccountPageTestDataDrivenTesting.verifyLogin(TC_MyAccountPageTestDataDrivenTesting.java:73)
at java.base/java.util.ArrayList.forEach(ArrayList.java:1511)
... Removed 27 stack frames]]>
    </failure>
  </testcase> <!-- verifyLogin -->
  <testcase classname="com.mystore.testcase.TC_MyAccountPageTestDataDrivenTesting" name="verifyRegistrationAndLogin" time="0.0">
    <ignored/>
  </testcase> <!-- verifyRegistrationAndLogin -->
</testsuite> <!-- Test -->
