<?xml version="1.0" encoding="UTF-8"?>
<testsuite xmlns:xsi="http://www.w3.org/2001/XMLSchema-instance" xsi:noNamespaceSchemaLocation="https://maven.apache.org/surefire/maven-surefire-plugin/xsd/surefire-test-report-3.0.xsd" version="3.0" name="TestSuite" time="15.727" tests="2" errors="0" skipped="0" failures="1">
  <properties>
[...]
</properties>
  <testcase name="verifyLogin[qwerty25@gmail.com, RR@632, Rahul Kumar](1)" classname="com.mystore.testcase.TC_MyAccountPageTestDataDrivenTesting" time="3.523">
    <system-out><![CDATA[On Start method Invoked
[INFO ] 2024-07-04 10:38:36.201 [main] MyStoreV1 - Url opened
[DEBUG] 2024-07-04 10:38:36.326 [main] PackageRelationshipCollection - Parsing relationship: /xl/_rels/workbook.xml.rels
[DEBUG] 2024-07-04 10:38:36.328 [main] PackageRelationshipCollection - Parsing relationship: /xl/worksheets/_rels/sheet1.xml.rels
[DEBUG] 2024-07-04 10:38:36.329 [main] PackageRelationshipCollection - Parsing relationship: /_rels/.rels
[DEBUG] 2024-07-04 10:38:36.771 [main] PackageRelationshipCollection - Parsing relationship: /xl/_rels/workbook.xml.rels
[DEBUG] 2024-07-04 10:38:36.773 [main] PackageRelationshipCollection - Parsing relationship: /xl/worksheets/_rels/sheet1.xml.rels
[DEBUG] 2024-07-04 10:38:36.773 [main] PackageRelationshipCollection - Parsing relationship: /_rels/.rels
[DEBUG] 2024-07-04 10:38:36.795 [main] PackageRelationshipCollection - Parsing relationship: /xl/_rels/workbook.xml.rels
[DEBUG] 2024-07-04 10:38:36.796 [main] PackageRelationshipCollection - Parsing relationship: /xl/worksheets/_rels/sheet1.xml.rels
[DEBUG] 2024-07-04 10:38:36.797 [main] PackageRelationshipCollection - Parsing relationship: /_rels/.rels
[DEBUG] 2024-07-04 10:38:36.822 [main] PackageRelationshipCollection - Parsing relationship: /xl/_rels/workbook.xml.rels
[DEBUG] 2024-07-04 10:38:36.823 [main] PackageRelationshipCollection - Parsing relationship: /xl/worksheets/_rels/sheet1.xml.rels
[DEBUG] 2024-07-04 10:38:36.823 [main] PackageRelationshipCollection - Parsing relationship: /_rels/.rels
[DEBUG] 2024-07-04 10:38:36.841 [main] PackageRelationshipCollection - Parsing relationship: /xl/_rels/workbook.xml.rels
[DEBUG] 2024-07-04 10:38:36.841 [main] PackageRelationshipCollection - Parsing relationship: /xl/worksheets/_rels/sheet1.xml.rels
[DEBUG] 2024-07-04 10:38:36.842 [main] PackageRelationshipCollection - Parsing relationship: /_rels/.rels
[DEBUG] 2024-07-04 10:38:36.855 [main] PackageRelationshipCollection - Parsing relationship: /xl/_rels/workbook.xml.rels
[DEBUG] 2024-07-04 10:38:36.856 [main] PackageRelationshipCollection - Parsing relationship: /xl/worksheets/_rels/sheet1.xml.rels
[DEBUG] 2024-07-04 10:38:36.856 [main] PackageRelationshipCollection - Parsing relationship: /_rels/.rels
[DEBUG] 2024-07-04 10:38:36.872 [main] PackageRelationshipCollection - Parsing relationship: /xl/_rels/workbook.xml.rels
[DEBUG] 2024-07-04 10:38:36.873 [main] PackageRelationshipCollection - Parsing relationship: /xl/worksheets/_rels/sheet1.xml.rels
[DEBUG] 2024-07-04 10:38:36.873 [main] PackageRelationshipCollection - Parsing relationship: /_rels/.rels
[DEBUG] 2024-07-04 10:38:36.890 [main] PackageRelationshipCollection - Parsing relationship: /xl/_rels/workbook.xml.rels
[DEBUG] 2024-07-04 10:38:36.891 [main] PackageRelationshipCollection - Parsing relationship: /xl/worksheets/_rels/sheet1.xml.rels
[DEBUG] 2024-07-04 10:38:36.892 [main] PackageRelationshipCollection - Parsing relationship: /_rels/.rels
Name of the test method stated:verifyLogin
[INFO ] 2024-07-04 10:38:37.952 [main] MyStoreV1 - Clicked on SignIn button
[INFO ] 2024-07-04 10:38:38.068 [main] MyStoreV1 - Email address entered.
[INFO ] 2024-07-04 10:38:38.162 [main] MyStoreV1 - Password entered
[INFO ] 2024-07-04 10:38:39.272 [main] MyStoreV1 - click on submit button
[INFO ] 2024-07-04 10:38:39.305 [main] MyStoreV1 - Verify user name passed
Name of the test method passed:verifyLogin
]]></system-out>
    <system-err><![CDATA[SLF4J: Failed to load class "org.slf4j.impl.StaticLoggerBinder".
SLF4J: Defaulting to no-operation (NOP) logger implementation
SLF4J: See http://www.slf4j.org/codes.html#StaticLoggerBinder for further details.
Jul 04, 2024 10:38:28 AM org.openqa.selenium.devtools.CdpVersionFinder findNearestMatch
WARNING: Unable to find an exact match for CDP version 126, returning the closest version; found: 124; Please update to a Selenium version that supports CDP version 126
]]></system-err>
  </testcase>
  <testcase name="verifyLogin[qwerty25@gmail.com, RR@632, Kunal Singh](2)" classname="com.mystore.testcase.TC_MyAccountPageTestDataDrivenTesting" time="1.781">
    <failure type="junit.framework.AssertionFailedError"><![CDATA[junit.framework.AssertionFailedError
	at junit.framework.Assert.fail(Assert.java:47)
	at junit.framework.Assert.assertTrue(Assert.java:20)
	at junit.framework.Assert.assertTrue(Assert.java:27)
	at com.mystore.testcase.TC_MyAccountPageTestDataDrivenTesting.verifyLogin(TC_MyAccountPageTestDataDrivenTesting.java:73)
	at java.base/jdk.internal.reflect.NativeMethodAccessorImpl.invoke0(Native Method)
	at java.base/jdk.internal.reflect.NativeMethodAccessorImpl.invoke(NativeMethodAccessorImpl.java:77)
	at java.base/jdk.internal.reflect.DelegatingMethodAccessorImpl.invoke(DelegatingMethodAccessorImpl.java:43)
	at java.base/java.lang.reflect.Method.invoke(Method.java:568)
	at org.testng.internal.invokers.MethodInvocationHelper.invokeMethod(MethodInvocationHelper.java:141)
	at org.testng.internal.invokers.TestInvoker.invokeMethod(TestInvoker.java:686)
	at org.testng.internal.invokers.TestInvoker.invokeTestMethod(TestInvoker.java:230)
	at org.testng.internal.invokers.MethodRunner.runInSequence(MethodRunner.java:63)
	at org.testng.internal.invokers.TestInvoker$MethodInvocationAgent.invoke(TestInvoker.java:992)
	at org.testng.internal.invokers.TestInvoker.invokeTestMethods(TestInvoker.java:203)
	at org.testng.internal.invokers.TestMethodWorker.invokeTestMethods(TestMethodWorker.java:154)
	at org.testng.internal.invokers.TestMethodWorker.run(TestMethodWorker.java:134)
	at java.base/java.util.ArrayList.forEach(ArrayList.java:1511)
	at org.testng.TestRunner.privateRun(TestRunner.java:739)
	at org.testng.TestRunner.run(TestRunner.java:614)
	at org.testng.SuiteRunner.runTest(SuiteRunner.java:421)
	at org.testng.SuiteRunner.runSequentially(SuiteRunner.java:413)
	at org.testng.SuiteRunner.privateRun(SuiteRunner.java:373)
	at org.testng.SuiteRunner.run(SuiteRunner.java:312)
	at org.testng.SuiteRunnerWorker.runSuite(SuiteRunnerWorker.java:52)
	at org.testng.SuiteRunnerWorker.run(SuiteRunnerWorker.java:95)
	at org.testng.TestNG.runSuitesSequentially(TestNG.java:1274)
	at org.testng.TestNG.runSuitesLocally(TestNG.java:1208)
	at org.testng.TestNG.runSuites(TestNG.java:1112)
	at org.testng.TestNG.run(TestNG.java:1079)
	at org.apache.maven.surefire.testng.TestNGExecutor.run(TestNGExecutor.java:308)
	at org.apache.maven.surefire.testng.TestNGXmlTestSuite.execute(TestNGXmlTestSuite.java:71)
	at org.apache.maven.surefire.testng.TestNGProvider.invoke(TestNGProvider.java:113)
	at org.apache.maven.surefire.booter.ForkedBooter.runSuitesInProcess(ForkedBooter.java:385)
	at org.apache.maven.surefire.booter.ForkedBooter.execute(ForkedBooter.java:162)
	at org.apache.maven.surefire.booter.ForkedBooter.run(ForkedBooter.java:507)
	at org.apache.maven.surefire.booter.ForkedBooter.main(ForkedBooter.java:495)
]]></failure>
    <system-out><![CDATA[Name of the test method stated:verifyLogin
[INFO ] 2024-07-04 10:38:41.235 [main] MyStoreV1 - Clicked on SignIn button
[INFO ] 2024-07-04 10:38:41.320 [main] MyStoreV1 - Email address entered.
[INFO ] 2024-07-04 10:38:41.398 [main] MyStoreV1 - Password entered
[INFO ] 2024-07-04 10:38:42.190 [main] MyStoreV1 - click on submit button
[INFO ] 2024-07-04 10:38:42.221 [main] MyStoreV1 - Verfiy user named failed
Name of the test method failed:verifyLogin
]]></system-out>
  </testcase>
</testsuite>