<?xml version="1.0" encoding="UTF-8"?>
<testng-results ignored="0" total="2" passed="1" failed="1" skipped="0">
  <reporter-output>
  </reporter-output>
  <suite started-at="2024-07-04T10:38:27 IST" name="Suite" finished-at="2024-07-04T10:38:42 IST" duration-ms="15067">
    <groups>
    </groups>
    <test started-at="2024-07-04T10:38:27 IST" name="Test" finished-at="2024-07-04T10:38:42 IST" duration-ms="15067">
      <class name="com.mystore.testcase.TC_MyAccountPageTestDataDrivenTesting">
        <test-method is-config="true" signature="setup()[pri:0, instance:com.mystore.testcase.TC_MyAccountPageTestDataDrivenTesting@38cee291]" started-at="2024-07-04T10:38:27 IST" name="setup" finished-at="2024-07-04T10:38:36 IST" duration-ms="8737" status="PASS">
          <reporter-output>
          </reporter-output>
        </test-method> <!-- setup -->
        <test-method signature="verifyLogin(java.lang.String,java.lang.String,java.lang.String)[pri:0, instance:com.mystore.testcase.TC_MyAccountPageTestDataDrivenTesting@38cee291]" started-at="2024-07-04T10:38:36 IST" name="verifyLogin" data-provider="LoginDataProvider" finished-at="2024-07-04T10:38:40 IST" duration-ms="3512" status="PASS">
          <params>
            <param index="0">
              <value>
                <![CDATA[qwerty25@gmail.com]]>
              </value>
            </param>
            <param index="1">
              <value>
                <![CDATA[RR@632]]>
              </value>
            </param>
            <param index="2">
              <value>
                <![CDATA[Rahul Kumar]]>
              </value>
            </param>
          </params>
          <reporter-output>
          </reporter-output>
        </test-method> <!-- verifyLogin -->
        <test-method signature="verifyLogin(java.lang.String,java.lang.String,java.lang.String)[pri:0, instance:com.mystore.testcase.TC_MyAccountPageTestDataDrivenTesting@38cee291]" started-at="2024-07-04T10:38:40 IST" name="verifyLogin" data-provider="LoginDataProvider" finished-at="2024-07-04T10:38:42 IST" duration-ms="1780" status="FAIL">
          <params>
            <param index="0">
              <value>
                <![CDATA[qwerty25@gmail.com]]>
              </value>
            </param>
            <param index="1">
              <value>
                <![CDATA[RR@632]]>
              </value>
            </param>
            <param index="2">
              <value>
                <![CDATA[Kunal Singh]]>
              </value>
            </param>
          </params>
          <exception class="junit.framework.AssertionFailedError">
            <full-stacktrace>
              <![CDATA[junit.framework.AssertionFailedError
at junit.framework.Assert.fail(Assert.java:47)
at junit.framework.Assert.assertTrue(Assert.java:20)
at junit.framework.Assert.assertTrue(Assert.java:27)
at com.mystore.testcase.TC_MyAccountPageTestDataDrivenTesting.verifyLogin(TC_MyAccountPageTestDataDrivenTesting.java:73)
at java.base/jdk.internal.reflect.NativeMethodAccessorImpl.invoke0(Native Method)
at java.base/jdk.internal.reflect.NativeMethodAccessorImpl.invoke(NativeMethodAccessorImpl.java:77)
at java.base/jdk.internal.reflect.DelegatingMethodAccessorImpl.invoke(DelegatingMethodAccessorImpl.java:43)
at java.base/java.lang.reflect.Method.invoke(Method.java:568)
at org.testng.internal.invokers.MethodInvocationHelper.invokeMethod(MethodInvocationHelper.java:141)
at org.testng.internal.invokers.TestInvoker.invokeMethod(TestInvoker.java:686)
at org.testng.internal.invokers.TestInvoker.invokeTestMethod(TestInvoker.java:230)
at org.testng.internal.invokers.MethodRunner.runInSequence(MethodRunner.java:63)
at org.testng.internal.invokers.TestInvoker$MethodInvocationAgent.invoke(TestInvoker.java:992)
at org.testng.internal.invokers.TestInvoker.invokeTestMethods(TestInvoker.java:203)
at org.testng.internal.invokers.TestMethodWorker.invokeTestMethods(TestMethodWorker.java:154)
at org.testng.internal.invokers.TestMethodWorker.run(TestMethodWorker.java:134)
at java.base/java.util.ArrayList.forEach(ArrayList.java:1511)
at org.testng.TestRunner.privateRun(TestRunner.java:739)
at org.testng.TestRunner.run(TestRunner.java:614)
at org.testng.SuiteRunner.runTest(SuiteRunner.java:421)
at org.testng.SuiteRunner.runSequentially(SuiteRunner.java:413)
at org.testng.SuiteRunner.privateRun(SuiteRunner.java:373)
at org.testng.SuiteRunner.run(SuiteRunner.java:312)
at org.testng.SuiteRunnerWorker.runSuite(SuiteRunnerWorker.java:52)
at org.testng.SuiteRunnerWorker.run(SuiteRunnerWorker.java:95)
at org.testng.TestNG.runSuitesSequentially(TestNG.java:1274)
at org.testng.TestNG.runSuitesLocally(TestNG.java:1208)
at org.testng.TestNG.runSuites(TestNG.java:1112)
at org.testng.TestNG.run(TestNG.java:1079)
at org.apache.maven.surefire.testng.TestNGExecutor.run(TestNGExecutor.java:308)
at org.apache.maven.surefire.testng.TestNGXmlTestSuite.execute(TestNGXmlTestSuite.java:71)
at org.apache.maven.surefire.testng.TestNGProvider.invoke(TestNGProvider.java:113)
at org.apache.maven.surefire.booter.ForkedBooter.runSuitesInProcess(ForkedBooter.java:385)
at org.apache.maven.surefire.booter.ForkedBooter.execute(ForkedBooter.java:162)
at org.apache.maven.surefire.booter.ForkedBooter.run(ForkedBooter.java:507)
at org.apache.maven.surefire.booter.ForkedBooter.main(ForkedBooter.java:495)
]]>
            </full-stacktrace>
          </exception> <!-- junit.framework.AssertionFailedError -->
          <reporter-output>
          </reporter-output>
        </test-method> <!-- verifyLogin -->
        <test-method is-config="true" signature="tearDown()[pri:0, instance:com.mystore.testcase.TC_MyAccountPageTestDataDrivenTesting@38cee291]" started-at="2024-07-04T10:38:42 IST" name="tearDown" finished-at="2024-07-04T10:38:42 IST" duration-ms="137" status="PASS">
          <reporter-output>
          </reporter-output>
        </test-method> <!-- tearDown -->
      </class> <!-- com.mystore.testcase.TC_MyAccountPageTestDataDrivenTesting -->
    </test> <!-- Test -->
  </suite> <!-- Suite -->
</testng-results>
